<?xml version="1.0" encoding="utf-8"?>
<androidx.constraintlayout.widget.ConstraintLayout xmlns:android="http://schemas.android.com/apk/res/android"
    xmlns:app="http://schemas.android.com/apk/res-auto"
    xmlns:tools="http://schemas.android.com/tools"
    android:layout_width="match_parent"
    android:layout_height="match_parent"
    tools:context=".activities.Test_Result">
    <ImageView
        android:layout_width="100dp"
        android:layout_height="50dp"
        android:layout_marginStart="10dp"
        android:src="@drawable/logo"
        tools:ignore="MissingConstraints" />



        <TextView
            android:id="@+id/textView5"
            android:layout_width="386dp"
            android:layout_height="42dp"
            android:text="Your results are here..."
            android:textSize="24sp"
            android:textStyle="bold|italic"
            app:layout_constraintBottom_toTopOf="@+id/result"
            app:layout_constraintTop_toTopOf="parent"
            app:layout_constraintVertical_bias="0.578"
            tools:layout_editor_absoluteX="11dp"
            tools:ignore="MissingConstraints" />


    <TextView
        android:id="@+id/result"
        android:layout_width="285dp"
        android:layout_height="31dp"
        android:text="Most compatibale illness:"
        android:textSize="20sp"
        android:textStyle="bold"
        app:layout_constraintBottom_toTopOf="@+id/editTextTextPersonName3"
        app:layout_constraintEnd_toEndOf="parent"
        app:layout_constraintHorizontal_bias="0.103"
        app:layout_constraintStart_toStartOf="parent" />

    <EditText
        android:id="@+id/editTextTextPersonName3"
        android:layout_width="379dp"
        android:layout_height="50dp"
        android:ems="10"
        android:inputType="textPersonName"
        android:text=""
        app:layout_constraintEnd_toEndOf="parent"
        app:layout_constraintHorizontal_bias="0.343"
        app:layout_constraintStart_toStartOf="parent"
        tools:layout_editor_absoluteY="230dp"
        tools:ignore="MissingConstraints" />

    <TextView
        android:id="@+id/Cause"
        android:layout_width="384dp"
        android:layout_height="50dp"
        android:text="Reasons that can occur the situation: "
        android:textSize="20sp"
        android:textStyle="bold"
        app:layout_constraintBottom_toTopOf="@+id/recyclerView2"
        app:layout_constraintEnd_toEndOf="parent"
        app:layout_constraintHorizontal_bias="0.407"
        app:layout_constraintStart_toStartOf="parent" />

    <androidx.recyclerview.widget.RecyclerView
        android:id="@+id/recyclerView2"
        android:layout_width="321dp"
        android:layout_height="133dp"
        app:layout_constraintBottom_toTopOf="@+id/descriptionmain"
        tools:layout_editor_absoluteX="11dp"
        tools:ignore="MissingConstraints" />

    <TextView
        android:id="@+id/descriptionmain"
        android:layout_width="384dp"
        android:layout_height="50dp"
        android:text="Description: "
        android:textSize="20sp"
        android:textStyle="bold"
        app:layout_constraintBottom_toTopOf="@+id/editTextTextPersonName2"
        tools:layout_editor_absoluteX="13dp"
        tools:ignore="MissingConstraints" />

    <EditText
        android:id="@+id/editTextTextPersonName2"
        android:layout_width="379dp"
        android:layout_height="50dp"
        android:ems="10"
        android:inputType="textPersonName"
        android:text=""
        tools:layout_editor_absoluteX="11dp"
        tools:layout_editor_absoluteY="523dp"
        tools:ignore="MissingConstraints" />

    <androidx.constraintlayout.widget.ConstraintLayout
        android:id="@+id/linearLayout8"
        android:layout_width="match_parent"
        android:layout_height="wrap_content"
        app:layout_constraintBottom_toBottomOf="parent"
        app:layout_constraintTop_toBottomOf="@+id/editTextTextPersonName2"
        tools:ignore="MissingConstraints"
        tools:layout_editor_absoluteX="16dp">

        <Button
            android:id="@+id/button4"
            android:layout_width="135dp"
            android:layout_height="41dp"
            android:layout_marginStart="44dp"
            android:background="@drawable/refreshbtn"
            android:text="Refresh"
            android:textColor="#FAF9F9"
            app:icon="@drawable/refresh"
            app:layout_constraintBaseline_toBaselineOf="@+id/button5"
            app:layout_constraintStart_toStartOf="parent" />

        <Button
            android:id="@+id/button5"
            android:layout_width="141dp"
            android:layout_height="41dp"
            android:layout_marginBottom="1dp"
            android:background="@drawable/cancelbtn"
            android:text="Cancel"
            android:textColor="#FAF9F9"
            app:layout_constraintBottom_toBottomOf="parent"
            app:layout_constraintEnd_toEndOf="parent"
            app:layout_constraintHorizontal_bias="0.666"
            app:layout_constraintStart_toEndOf="@+id/button4" />

    </androidx.constraintlayout.widget.ConstraintLayout>


</androidx.constraintlayout.widget.ConstraintLayout>